'track_production': False, 'supply_method': 'buy', 'date_standard_price': '2022-03-02 19:30:07', 'loc_type_id': False, 'incoming_qty': 100.0, 'standard_price': 5.6392, 'current_month_use': 6.0, 'uom_id': [34, 'PCE'], 'description_purchase': False, 'default_code': '243-0009', 'qty_available': 125.0, 'id': 17882, 'last_month_use': 12.0, 'sale_ok': True, 'purchase_ok': True, 'can_be_rent': False, 'autogenerate': False, 'outsourcing_ok': False, 'op_location_id': [39, 'Physical Locations / Adamson Systems Engineering / Stock / Raw Materials'], 'last_average_use': 29.392156862745097, 'uom_po_id': [34, 'PCE'], 'type': 'product', 'procurement_qty': 0.0, 'country_of_origin_id': False, 'property_stock_wip': [54, 'Physical Locations / Adamson Systems Engineering / WIP'], 'description': False, 'last_standard_price': 6.96, 'procure_method': 'make_to_stock', 'date_real_standard_price': False, 'loc_section_id': False, 'fixed_by': False, 'active': True, 'property_stock_inventory': [5, 'Virtual Locations / Inventory loss'], 'cost_method': 'average', 'serial_sequence': False, 'property_stock_procurement': [6, 'Virtual Locations / Procurements'], 'image_medium': False, 'name': 'NL4FC Neutrik4 Cable Mount', 'loc_row_id': False, 'date_last_standard_price': '2022-03-02 19:30:07', 'categ_id': [3979, '243-Connector - Pins - Sockets - Housing'], 'outgoing_qty': -94.0, 'seller_ids': [3192, 1907, 9106], 'real_standard_price': 4.64, 'autogenerate_purchase': False, 'unique_production_number': False}
17882 NL4FC Neutrik4 Cable Mount
An exception occurred: <Fault 1: 'Traceback (most recent call last):\n  File "/home/odoo/adamson15-server/custom-addons/plm/models/product_product.py", line 1038, in create\n    res = super(PlmComponent, self).create(vals)\n  File "<decorator-gen-156>", line 2, in create\n  File "/home/odoo/adamson15-server/odoo15/odoo/api.py", line 412, in _model_create_multi\n    return create(self, [arg])\n  File "/home/odoo/linto15-test/odoo-15.0/addons/product/models/product.py", line 362, in create\n    products = super(ProductProduct, self.with_context(create_product_product=True)).create(vals_list)\n  File "<decorator-gen-131>", line 2, in create\n  File "/home/odoo/adamson15-server/odoo15/odoo/api.py", line 413, in _model_create_multi\n    return create(self, arg)\n  File "/home/odoo/linto15-test/odoo-15.0/addons/mail/models/mail_thread.py", line 265, in create\n    threads = super(MailThread, self).create(vals_list)\n  File "<decorator-gen-67>", line 2, in create\n  File "/home/odoo/adamson15-server/odoo15/odoo/api.py", line 413, in _model_create_multi\n    return create(self, arg)\n  File "/home/odoo/adamson15-server/odoo15/odoo/addons/base/models/ir_fields.py", line 613, in create\n    recs = super().create(vals_list)\n  File "<decorator-gen-13>", line 2, in create\n  File "/home/odoo/adamson15-server/odoo15/odoo/api.py", line 413, in _model_create_multi\n    return create(self, arg)\n  File "/home/odoo/adamson15-server/odoo15/odoo/models.py", line 4062, in create\n    parents = self.env[model_name].create([\n  File "<decorator-gen-220>", line 2, in create\n  File "/home/odoo/adamson15-server/odoo15/odoo/api.py", line 394, in _model_create_single\n    return self.browse().concat(*(create(self, vals) for vals in arg))\n  File "/home/odoo/adamson15-server/odoo15/odoo/api.py", line 394, in <genexpr>\n    return self.browse().concat(*(create(self, vals) for vals in arg))\n  File "/home/odoo/adamson15-server/custom-addons/plm/models/product_template.py", line 188, in create\n    return super(ProductTemplateExtension, self).create(vals)\n  File "<decorator-gen-153>", line 2, in create\n  File "/home/odoo/adamson15-server/odoo15/odoo/api.py", line 412, in _model_create_multi\n    return create(self, [arg])\n  File "/home/odoo/linto15-test/odoo-15.0/addons/product/models/product_template.py", line 465, in create\n    templates = super(ProductTemplate, self).create(vals_list)\n  File "<decorator-gen-131>", line 2, in create\n  File "/home/odoo/adamson15-server/odoo15/odoo/api.py", line 413, in _model_create_multi\n    return create(self, arg)\n  File "/home/odoo/linto15-test/odoo-15.0/addons/mail/models/mail_thread.py", line 265, in create\n    threads = super(MailThread, self).create(vals_list)\n  File "<decorator-gen-67>", line 2, in create\n  File "/home/odoo/adamson15-server/odoo15/odoo/api.py", line 413, in _model_create_multi\n    return create(self, arg)\n  File "/home/odoo/adamson15-server/odoo15/odoo/addons/base/models/ir_fields.py", line 613, in create\n    recs = super().create(vals_list)\n  File "<decorator-gen-13>", line 2, in create\n  File "/home/odoo/adamson15-server/odoo15/odoo/api.py", line 413, in _model_create_multi\n    return create(self, arg)\n  File "/home/odoo/adamson15-server/odoo15/odoo/models.py", line 4070, in create\n    records = self._create(data_list)\n  File "/home/odoo/adamson15-server/odoo15/odoo/models.py", line 4220, in _create\n    field.create([\n  File "/home/odoo/adamson15-server/odoo15/odoo/fields.py", line 3283, in create\n    self.write_batch(record_values, True)\n  File "/home/odoo/adamson15-server/odoo15/odoo/fields.py", line 3309, in write_batch\n    return self.write_real(records_commands_list, create)\n  File "/home/odoo/adamson15-server/odoo15/odoo/fields.py", line 3485, in write_real\n    flush()\n  File "/home/odoo/adamson15-server/odoo15/odoo/fields.py", line 3447, in flush\n    comodel.create(to_create)\n  File "<decorator-gen-67>", line 2, in create\n  File "/home/odoo/adamson15-server/odoo15/odoo/api.py", line 413, in _model_create_multi\n    return create(self, arg)\n  File "/home/odoo/adamson15-server/odoo15/odoo/addons/base/models/ir_fields.py", line 613, in create\n    recs = super().create(vals_list)\n  File "<decorator-gen-13>", line 2, in create\n  File "/home/odoo/adamson15-server/odoo15/odoo/api.py", line 413, in _model_create_multi\n    return create(self, arg)\n  File "/home/odoo/adamson15-server/odoo15/odoo/models.py", line 4070, in create\n    records = self._create(data_list)\n  File "/home/odoo/adamson15-server/odoo15/odoo/models.py", line 4168, in _create\n    cr.execute(query, params)\n  File "<decorator-gen-3>", line 2, in execute\n  File "/home/odoo/adamson15-server/odoo15/odoo/sql_db.py", line 90, in check\n    return f(self, *args, **kwargs)\n  File "/home/odoo/adamson15-server/odoo15/odoo/sql_db.py", line 313, in execute\n    res = self._obj.execute(query, params)\npsycopg2.errors.NotNullViolation: null value in column "name" violates not-null constraint\nDETAIL:  Failing row contains (4072, null, NL4FC Neutrik4 Cable Mount, null, 1, 0.00, 0.00, 1, 4, null, null, null, 3318, 1, 2, 2022-11-06 16:59:25.143419, 2, 2022-11-06 16:59:25.143419, null).\n\n\nDuring handling of the above exception, another exception occurred:\n\nTraceback (most recent call last):\n  File "/home/odoo/adamson15-server/odoo15/odoo/addons/base/controllers/rpc.py", line 93, in xmlrpc_2\n    response = self._xmlrpc(service)\n  File "/home/odoo/adamson15-server/odoo15/odoo/addons/base/controllers/rpc.py", line 73, in _xmlrpc\n    result = dispatch_rpc(service, method, params)\n  File "/home/odoo/adamson15-server/odoo15/odoo/http.py", line 141, in dispatch_rpc\n    result = dispatch(method, params)\n  File "/home/odoo/adamson15-server/odoo15/odoo/service/model.py", line 41, in dispatch\n    res = fn(db, uid, *params)\n  File "/home/odoo/adamson15-server/odoo15/odoo/service/model.py", line 169, in execute_kw\n    return execute(db, uid, obj, method, *args, **kw or {})\n  File "/home/odoo/adamson15-server/odoo15/odoo/service/model.py", line 94, in wrapper\n    return f(dbname, *args, **kwargs)\n  File "/home/odoo/adamson15-server/odoo15/odoo/service/model.py", line 176, in execute\n    res = execute_cr(cr, uid, obj, method, *args, **kw)\n  File "/home/odoo/adamson15-server/odoo15/odoo/service/model.py", line 160, in execute_cr\n    result = odoo.api.call_kw(recs, method, args, kw)\n  File "/home/odoo/adamson15-server/odoo15/odoo/api.py", line 462, in call_kw\n    result = _call_kw_model_create(method, model, args, kwargs)\n  File "/home/odoo/adamson15-server/odoo15/odoo/api.py", line 442, in _call_kw_model_create\n    result = method(recs, *args, **kwargs)\n  File "<decorator-gen-221>", line 2, in create\n  File "/home/odoo/adamson15-server/odoo15/odoo/api.py", line 391, in _model_create_single\n    return create(self, arg)\n  File "/home/odoo/adamson15-server/custom-addons/plm/models/product_product.py", line 1053, in create\n    raise Exception(msg)\nException: Error during component creation with values:\n\'categ_id\' = 260\n\'image_1920\' = False\n\'default_code\' = \'243-0009\'\n\'name\' = \'NL4FC Neutrik4 Cable Mount\'\n\'purchase_ok\' = True\n\'detailed_type\' = \'product\'\n\'description_purchase\' = False\n\'seller_ids\' = [[0, 0, {\'name\': False, \'product_name\': \'NL4FC Neutrik4 Cable Mount\', \'min_qty\': 0.0}], [0, 0, {\'name\': 21363, \'product_name\': \'NL4FC Neutrik4 Cable Mount\', \'min_qty\': 1.0}], [0, 0, {\'name\': 21999, \'product_name\': \'NL4FC Neutrik4 Cable Mount\', \'min_qty\': 0.0}]]\n\'is_engcode_editable\' = False\n\'type\' = \'product\'\n\n\n------------------------------\n\nnull value in column "name" violates not-null constraint\nDETAIL:  Failing row contains (4072, null, NL4FC Neutrik4 Cable Mount, null, 1, 0.00, 0.00, 1, 4, null, null, null, 3318, 1, 2, 2022-11-06 16:59:25.143419, 2, 2022-11-06 16:59:25.143419, null).\n\n'>
{'track_production': False, 'supply_method': 'buy', 'date_standard_price': '2022-01-24 17:10:26', 'loc_type_id': False, 'incoming_qty': 200.0, 'standard_price': 11.5468, 'current_month_use': 24.0, 'uom_id': [34, 'PCE'], 'description_purchase': False, 'default_code': '243-0010', 'qty_available': 118.0, 'id': 17884, 'last_month_use': 8.0, 'sale_ok': False, 'purchase_ok': True, 'can_be_rent': False, 'autogenerate': False, 'outsourcing_ok': False, 'op_location_id': [39, 'Physical Locations / Adamson Systems Engineering / Stock / Raw Materials'], 'last_average_use': 45.07692307692308, 'uom_po_id': [34, 'PCE'], 'type': 'product', 'procurement_qty': 0.0, 'country_of_origin_id': False, 'property_stock_wip': [54, 'Physical Locations / Adamson Systems Engineering / WIP'], 'description': False, 'last_standard_price': 13.91, 'procure_method': 'make_to_stock', 'date_real_standard_price': False, 'loc_section_id': False, 'fixed_by': False, 'active': True, 'property_stock_inventory': [5, 'Virtual Locations / Inventory loss'], 'cost_method': 'average', 'serial_sequence': False, 'property_stock_procurement': [6, 'Virtual Locations / Procurements'], 'image_medium': False, 'name': 'NL8FC Neutrik 8C Fem. Cable Mount Conn.', 'loc_row_id': False, 'date_last_standard_price': '2022-01-24 17:10:26', 'categ_id': [3979, '243-Connector - Pins - Sockets - Housing'], 'outgoing_qty': -196.0, 'seller_ids': [3143, 9090, 1906, 3144, 3145], 'real_standard_price': 8.72, 'autogenerate_purchase': False, 'unique_production_number': False}
17884 NL8FC Neutrik 8C Fem. Cable Mount Conn.
An exception occurred: <Fault 1: 'Traceback (most recent call last):\n  File "/home/odoo/adamson15-server/custom-addons/plm/models/product_product.py", line 1038, in create\n    res = super(PlmComponent, self).create(vals)\n  File "<decorator-gen-156>", line 2, in create\n  File "/home/odoo/adamson15-server/odoo15/odoo/api.py", line 412, in _model_create_multi\n    return create(self, [arg])\n  File "/home/odoo/linto15-test/odoo-15.0/addons/product/models/product.py", line 362, in create\n    products = super(ProductProduct, self.with_context(create_product_product=True)).create(vals_list)\n  File "<decorator-gen-131>", line 2, in create\n  File "/home/odoo/adamson15-server/odoo15/odoo/api.py", line 413, in _model_create_multi\n    return create(self, arg)\n  File "/home/odoo/linto15-test/odoo-15.0/addons/mail/models/mail_thread.py", line 265, in create\n    threads = super(MailThread, self).create(vals_list)\n  File "<decorator-gen-67>", line 2, in create\n  File "/home/odoo/adamson15-server/odoo15/odoo/api.py", line 413, in _model_create_multi\n    return create(self, arg)\n  File "/home/odoo/adamson15-server/odoo15/odoo/addons/base/models/ir_fields.py", line 613, in create\n    recs = super().create(vals_list)\n  File "<decorator-gen-13>", line 2, in create\n  File "/home/odoo/adamson15-server/odoo15/odoo/api.py", line 413, in _model_create_multi\n    return create(self, arg)\n  File "/home/odoo/adamson15-server/odoo15/odoo/models.py", line 4062, in create\n    parents = self.env[model_name].create([\n  File "<decorator-gen-220>", line 2, in create\n  File "/home/odoo/adamson15-server/odoo15/odoo/api.py", line 394, in _model_create_single\n    return self.browse().concat(*(create(self, vals) for vals in arg))\n  File "/home/odoo/adamson15-server/odoo15/odoo/api.py", line 394, in <genexpr>\n    return self.browse().concat(*(create(self, vals) for vals in arg))\n  File "/home/odoo/adamson15-server/custom-addons/plm/models/product_template.py", line 188, in create\n    return super(ProductTemplateExtension, self).create(vals)\n  File "<decorator-gen-153>", line 2, in create\n  File "/home/odoo/adamson15-server/odoo15/odoo/api.py", line 412, in _model_create_multi\n    return create(self, [arg])\n  File "/home/odoo/linto15-test/odoo-15.0/addons/product/models/product_template.py", line 465, in create\n    templates = super(ProductTemplate, self).create(vals_list)\n  File "<decorator-gen-131>", line 2, in create\n  File "/home/odoo/adamson15-server/odoo15/odoo/api.py", line 413, in _model_create_multi\n    return create(self, arg)\n  File "/home/odoo/linto15-test/odoo-15.0/addons/mail/models/mail_thread.py", line 265, in create\n    threads = super(MailThread, self).create(vals_list)\n  File "<decorator-gen-67>", line 2, in create\n  File "/home/odoo/adamson15-server/odoo15/odoo/api.py", line 413, in _model_create_multi\n    return create(self, arg)\n  File "/home/odoo/adamson15-server/odoo15/odoo/addons/base/models/ir_fields.py", line 613, in create\n    recs = super().create(vals_list)\n  File "<decorator-gen-13>", line 2, in create\n  File "/home/odoo/adamson15-server/odoo15/odoo/api.py", line 413, in _model_create_multi\n    return create(self, arg)\n  File "/home/odoo/adamson15-server/odoo15/odoo/models.py", line 4070, in create\n    records = self._create(data_list)\n  File "/home/odoo/adamson15-server/odoo15/odoo/models.py", line 4220, in _create\n    field.create([\n  File "/home/odoo/adamson15-server/odoo15/odoo/fields.py", line 3283, in create\n    self.write_batch(record_values, True)\n  File "/home/odoo/adamson15-server/odoo15/odoo/fields.py", line 3309, in write_batch\n    return self.write_real(records_commands_list, create)\n  File "/home/odoo/adamson15-server/odoo15/odoo/fields.py", line 3485, in write_real\n    flush()\n  File "/home/odoo/adamson15-server/odoo15/odoo/fields.py", line 3447, in flush\n    comodel.create(to_create)\n  File "<decorator-gen-67>", line 2, in create\n  File "/home/odoo/adamson15-server/odoo15/odoo/api.py", line 413, in _model_create_multi\n    return create(self, arg)\n  File "/home/odoo/adamson15-server/odoo15/odoo/addons/base/models/ir_fields.py", line 613, in create\n    recs = super().create(vals_list)\n  File "<decorator-gen-13>", line 2, in create\n  File "/home/odoo/adamson15-server/odoo15/odoo/api.py", line 413, in _model_create_multi\n    return create(self, arg)\n  File "/home/odoo/adamson15-server/odoo15/odoo/models.py", line 4070, in create\n    records = self._create(data_list)\n  File "/home/odoo/adamson15-server/odoo15/odoo/models.py", line 4168, in _create\n    cr.execute(query, params)\n  File "<decorator-gen-3>", line 2, in execute\n  File "/home/odoo/adamson15-server/odoo15/odoo/sql_db.py", line 90, in check\n    return f(self, *args, **kwargs)\n  File "/home/odoo/adamson15-server/odoo15/odoo/sql_db.py", line 313, in execute\n    res = self._obj.execute(query, params)\npsycopg2.errors.NotNullViolation: null value in column "name" violates not-null constraint\nDETAIL:  Failing row contains (4076, null, NL8FC Neutrik 8C Fem. Cable Mount Conn., null, 1, 0.00, 0.00, 1, 4, null, null, null, 3319, 1, 2, 2022-11-06 16:59:31.271363, 2, 2022-11-06 16:59:31.271363, null).\n\n\nDuring handling of the above exception, another exception occurred:\n\nTraceback (most recent call last):\n  File "/home/odoo/adamson15-server/odoo15/odoo/addons/base/controllers/rpc.py", line 93, in xmlrpc_2\n    response = self._xmlrpc(service)\n  File "/home/odoo/adamson15-server/odoo15/odoo/addons/base/controllers/rpc.py", line 73, in _xmlrpc\n    result = dispatch_rpc(service, method, params)\n  File "/home/odoo/adamson15-server/odoo15/odoo/http.py", line 141, in dispatch_rpc\n    result = dispatch(method, params)\n  File "/home/odoo/adamson15-server/odoo15/odoo/service/model.py", line 41, in dispatch\n    res = fn(db, uid, *params)\n  File "/home/odoo/adamson15-server/odoo15/odoo/service/model.py", line 169, in execute_kw\n    return execute(db, uid, obj, method, *args, **kw or {})\n  File "/home/odoo/adamson15-server/odoo15/odoo/service/model.py", line 94, in wrapper\n    return f(dbname, *args, **kwargs)\n  File "/home/odoo/adamson15-server/odoo15/odoo/service/model.py", line 176, in execute\n    res = execute_cr(cr, uid, obj, method, *args, **kw)\n  File "/home/odoo/adamson15-server/odoo15/odoo/service/model.py", line 160, in execute_cr\n    result = odoo.api.call_kw(recs, method, args, kw)\n  File "/home/odoo/adamson15-server/odoo15/odoo/api.py", line 462, in call_kw\n    result = _call_kw_model_create(method, model, args, kwargs)\n  File "/home/odoo/adamson15-server/odoo15/odoo/api.py", line 442, in _call_kw_model_create\n    result = method(recs, *args, **kwargs)\n  File "<decorator-gen-221>", line 2, in create\n  File "/home/odoo/adamson15-server/odoo15/odoo/api.py", line 391, in _model_create_single\n    return create(self, arg)\n  File "/home/odoo/adamson15-server/custom-addons/plm/models/product_product.py", line 1053, in create\n    raise Exception(msg)\nException: Error during component creation with values:\n\'categ_id\' = 260\n\'image_1920\' = False\n\'default_code\' = \'243-0010\'\n\'name\' = \'NL8FC Neutrik 8C Fem. Cable Mount Conn.\'\n\'purchase_ok\' = True\n\'detailed_type\' = \'product\'\n\'description_purchase\' = False\n\'seller_ids\' = [[0, 0, {\'name\': 21590, \'product_name\': \'NL8FC Neutrik 8C Fem. Cable Mount Conn.\', \'min_qty\': 0.0}], [0, 0, {\'name\': 21999, \'product_name\': \'NL8FC Neutrik 8C Fem. Cable Mount Conn.\', \'min_qty\': 0.0}], [0, 0, {\'name\': 21363, \'product_name\': \'NL8FC Neutrik 8C Fem. Cable Mount Conn.\', \'min_qty\': 1.0}], [0, 0, {\'name\': False, \'product_name\': \'NL8FC Neutrik 8C Fem. Cable Mount Conn.\', \'min_qty\': 0.0}], [0, 0, {\'name\': 20561, \'product_name\': \'NL8FC Neutrik 8C Fem. Cable Mount Conn.\', \'min_qty\': 0.0}]]\n\'is_engcode_editable\' = False\n\'type\' = \'product\'\n\n\n------------------------------\n\nnull value in column "name" violates not-null constraint\nDETAIL:  Failing row contains (4076, null, NL8FC Neutrik 8C Fem. Cable Mount Conn., null, 1, 0.00, 0.00, 1, 4, null, null, null, 3319, 1, 2, 2022-11-06 16:59:31.271363, 2, 2022-11-06 16:59:31.271363, null).\n\n'>
{'track_production': False, 'supply_method': 'buy', 'date_standard_price': '2018-04-30 15:01:03', 'loc_type_id': False, 'incoming_qty': 0.0, 'standard_price': 3.97, 'current_month_use': 0, 'uom_id': [34, 'PCE'], 'description_purchase': False, 'default_code': '243-0011', 'qty_available': 64.0, 'id': 17891, 'last_month_use': 0, 'sale_ok': False, 'purchase_ok': True, 'can_be_rent': False, 'autogenerate': False, 'outsourcing_ok': False, 'op_location_id': [39, 'Physical Locations / Adamson Systems Engineering / Stock / Raw Materials'], 'last_average_use': 0, 'uom_po_id': [34, 'PCE'], 'type': 'product', 'procurement_qty': 0.0, 'country_of_origin_id': False, 'property_stock_wip': [54, 'Physical Locations / Adamson Systems Engineering / WIP'], 'description': False, 'last_standard_price': 0.0, 'procure_method': 'make_to_stock', 'date_real_standard_price': False, 'loc_section_id': False, 'fixed_by': False, 'active': True, 'property_stock_inventory': [5, 'Virtual Locations / Inventory loss'], 'cost_method': 'average', 'serial_sequence': False, 'property_stock_procurement': [6, 'Virtual Locations / Procurements'], 'image_medium': False, 'name': 'NP3TT-P-B - Black', 'loc_row_id': False, 'date_last_standard_price': False, 'categ_id': [3979, '243-Connector - Pins - Sockets - Housing'], 'outgoing_qty': 0.0, 'seller_ids': [1839, 8500], 'real_standard_price': 3.97, 'autogenerate_purchase': False, 'unique_production_number': False}
17891 NP3TT-P-B - Black
An exception occurred: <Fault 1: 'Traceback (most recent call last):\n  File "/home/odoo/adamson15-server/custom-addons/plm/models/product_product.py", line 1038, in create\n    res = super(PlmComponent, self).create(vals)\n  File "<decorator-gen-156>", line 2, in create\n  File "/home/odoo/adamson15-server/odoo15/odoo/api.py", line 412, in _model_create_multi\n    return create(self, [arg])\n  File "/home/odoo/linto15-test/odoo-15.0/addons/product/models/product.py", line 362, in create\n    products = super(ProductProduct, self.with_context(create_product_product=True)).create(vals_list)\n  File "<decorator-gen-131>", line 2, in create\n  File "/home/odoo/adamson15-server/odoo15/odoo/api.py", line 413, in _model_create_multi\n    return create(self, arg)\n  File "/home/odoo/linto15-test/odoo-15.0/addons/mail/models/mail_thread.py", line 265, in create\n    threads = super(MailThread, self).create(vals_list)\n  File "<decorator-gen-67>", line 2, in create\n  File "/home/odoo/adamson15-server/odoo15/odoo/api.py", line 413, in _model_create_multi\n    return create(self, arg)\n  File "/home/odoo/adamson15-server/odoo15/odoo/addons/base/models/ir_fields.py", line 613, in create\n    recs = super().create(vals_list)\n  File "<decorator-gen-13>", line 2, in create\n  File "/home/odoo/adamson15-server/odoo15/odoo/api.py", line 413, in _model_create_multi\n    return create(self, arg)\n  File "/home/odoo/adamson15-server/odoo15/odoo/models.py", line 4062, in create\n    parents = self.env[model_name].create([\n  File "<decorator-gen-220>", line 2, in create\n  File "/home/odoo/adamson15-server/odoo15/odoo/api.py", line 394, in _model_create_single\n    return self.browse().concat(*(create(self, vals) for vals in arg))\n  File "/home/odoo/adamson15-server/odoo15/odoo/api.py", line 394, in <genexpr>\n    return self.browse().concat(*(create(self, vals) for vals in arg))\n  File "/home/odoo/adamson15-server/custom-addons/plm/models/product_template.py", line 188, in create\n    return super(ProductTemplateExtension, self).create(vals)\n  File "<decorator-gen-153>", line 2, in create\n  File "/home/odoo/adamson15-server/odoo15/odoo/api.py", line 412, in _model_create_multi\n    return create(self, [arg])\n  File "/home/odoo/linto15-test/odoo-15.0/addons/product/models/product_template.py", line 465, in create\n    templates = super(ProductTemplate, self).create(vals_list)\n  File "<decorator-gen-131>", line 2, in create\n  File "/home/odoo/adamson15-server/odoo15/odoo/api.py", line 413, in _model_create_multi\n    return create(self, arg)\n  File "/home/odoo/linto15-test/odoo-15.0/addons/mail/models/mail_thread.py", line 265, in create\n    threads = super(MailThread, self).create(vals_list)\n  File "<decorator-gen-67>", line 2, in create\n  File "/home/odoo/adamson15-server/odoo15/odoo/api.py", line 413, in _model_create_multi\n    return create(self, arg)\n  File "/home/odoo/adamson15-server/odoo15/odoo/addons/base/models/ir_fields.py", line 613, in create\n    recs = super().create(vals_list)\n  File "<decorator-gen-13>", line 2, in create\n  File "/home/odoo/adamson15-server/odoo15/odoo/api.py", line 413, in _model_create_multi\n    return create(self, arg)\n  File "/home/odoo/adamson15-server/odoo15/odoo/models.py", line 4070, in create\n    records = self._create(data_list)\n  File "/home/odoo/adamson15-server/odoo15/odoo/models.py", line 4220, in _create\n    field.create([\n  File "/home/odoo/adamson15-server/odoo15/odoo/fields.py", line 3283, in create\n    self.write_batch(record_values, True)\n  File "/home/odoo/adamson15-server/odoo15/odoo/fields.py", line 3309, in write_batch\n    return self.write_real(records_commands_list, create)\n  File "/home/odoo/adamson15-server/odoo15/odoo/fields.py", line 3485, in write_real\n    flush()\n  File "/home/odoo/adamson15-server/odoo15/odoo/fields.py", line 3447, in flush\n    comodel.create(to_create)\n  File "<decorator-gen-67>", line 2, in create\n  File "/home/odoo/adamson15-server/odoo15/odoo/api.py", line 413, in _model_create_multi\n    return create(self, arg)\n  File "/home/odoo/adamson15-server/odoo15/odoo/addons/base/models/ir_fields.py", line 613, in create\n    recs = super().create(vals_list)\n  File "<decorator-gen-13>", line 2, in create\n  File "/home/odoo/adamson15-server/odoo15/odoo/api.py", line 413, in _model_create_multi\n    return create(self, arg)\n  File "/home/odoo/adamson15-server/odoo15/odoo/models.py", line 4070, in create\n    records = self._create(data_list)\n  File "/home/odoo/adamson15-server/odoo15/odoo/models.py", line 4168, in _create\n    cr.execute(query, params)\n  File "<decorator-gen-3>", line 2, in execute\n  File "/home/odoo/adamson15-server/odoo15/odoo/sql_db.py", line 90, in check\n    return f(self, *args, **kwargs)\n  File "/home/odoo/adamson15-server/odoo15/odoo/sql_db.py", line 313, in execute\n    res = self._obj.execute(query, params)\npsycopg2.errors.NotNullViolation: null value in column "name" violates not-null constraint\nDETAIL:  Failing row contains (4078, null, NP3TT-P-B - Black, null, 1, 0.00, 0.00, 1, 4, null, null, null, 3320, 1, 2, 2022-11-06 16:59:34.210278, 2, 2022-11-06 16:59:34.210278, null).\n\n\nDuring handling of the above exception, another exception occurred:\n\nTraceback (most recent call last):\n  File "/home/odoo/adamson15-server/odoo15/odoo/addons/base/controllers/rpc.py", line 93, in xmlrpc_2\n    response = self._xmlrpc(service)\n  File "/home/odoo/adamson15-server/odoo15/odoo/addons/base/controllers/rpc.py", line 73, in _xmlrpc\n    result = dispatch_rpc(service, method, params)\n  File "/home/odoo/adamson15-server/odoo15/odoo/http.py", line 141, in dispatch_rpc\n    result = dispatch(method, params)\n  File "/home/odoo/adamson15-server/odoo15/odoo/service/model.py", line 41, in dispatch\n    res = fn(db, uid, *params)\n  File "/home/odoo/adamson15-server/odoo15/odoo/service/model.py", line 169, in execute_kw\n    return execute(db, uid, obj, method, *args, **kw or {})\n  File "/home/odoo/adamson15-server/odoo15/odoo/service/model.py", line 94, in wrapper\n    return f(dbname, *args, **kwargs)\n  File "/home/odoo/adamson15-server/odoo15/odoo/service/model.py", line 176, in execute\n    res = execute_cr(cr, uid, obj, method, *args, **kw)\n  File "/home/odoo/adamson15-server/odoo15/odoo/service/model.py", line 160, in execute_cr\n    result = odoo.api.call_kw(recs, method, args, kw)\n  File "/home/odoo/adamson15-server/odoo15/odoo/api.py", line 462, in call_kw\n    result = _call_kw_model_create(method, model, args, kwargs)\n  File "/home/odoo/adamson15-server/odoo15/odoo/api.py", line 442, in _call_kw_model_create\n    result = method(recs, *args, **kwargs)\n  File "<decorator-gen-221>", line 2, in create\n  File "/home/odoo/adamson15-server/odoo15/odoo/api.py", line 391, in _model_create_single\n    return create(self, arg)\n  File "/home/odoo/adamson15-server/custom-addons/plm/models/product_product.py", line 1053, in create\n    raise Exception(msg)\nException: Error during component creation with values:\n\'categ_id\' = 260\n\'image_1920\' = False\n\'default_code\' = \'243-0011\'\n\'name\' = \'NP3TT-P-B - Black\'\n\'purchase_ok\' = True\n\'detailed_type\' = \'product\'\n\'description_purchase\' = False\n\'seller_ids\' = [[0, 0, {\'name\': 22851, \'product_name\': \'NP3TT-P-B - Black\', \'min_qty\': 1.0}], [0, 0, {\'name\': False, \'product_name\': \'NP3TT-P-B - Black\', \'min_qty\': 0.0}]]\n\'is_engcode_editable\' = False\n\'type\' = \'product\'\n\n\n------------------------------\n\nnull value in column "name" violates not-null constraint\nDETAIL:  Failing row contains (4078, null, NP3TT-P-B - Black, null, 1, 0.00, 0.00, 1, 4, null, null, null, 3320, 1, 2, 2022-11-06 16:59:34.210278, 2, 2022-11-06 16:59:34.210278, null).\n\n'>
{'track_production': False, 'supply_method': 'buy', 'date_standard_price': '2018-04-30 15:01:45', 'loc_type_id': False, 'incoming_qty': 0.0, 'standard_price': 3.97, 'current_month_use': 0, 'uom_id': [34, 'PCE'], 'description_purchase': False, 'default_code': '243-0012', 'qty_available': 46.0, 'id': 17889, 'last_month_use': 0, 'sale_ok': False, 'purchase_ok': True, 'can_be_rent': False, 'autogenerate': False, 'outsourcing_ok': False, 'op_location_id': [39, 'Physical Locations / Adamson Systems Engineering / Stock / Raw Materials'], 'last_average_use': 0, 'uom_po_id': [34, 'PCE'], 'type': 'product', 'procurement_qty': 0.0, 'country_of_origin_id': False, 'property_stock_wip': [54, 'Physical Locations / Adamson Systems Engineering / WIP'], 'description': False, 'last_standard_price': 0.0, 'procure_method': 'make_to_stock', 'date_real_standard_price': False, 'loc_section_id': False, 'fixed_by': False, 'active': True, 'property_stock_inventory': [5, 'Virtual Locations / Inventory loss'], 'cost_method': 'average', 'serial_sequence': False, 'property_stock_procurement': [6, 'Virtual Locations / Procurements'], 'image_medium': False, 'name': 'NP3TT-P-R - Red', 'loc_row_id': False, 'date_last_standard_price': False, 'categ_id': [3979, '243-Connector - Pins - Sockets - Housing'], 'outgoing_qty': 0.0, 'seller_ids': [1831, 8501], 'real_standard_price': 3.97, 'autogenerate_purchase': False, 'unique_production_number': False}
17889 NP3TT-P-R - Red
An exception occurred: <Fault 1: 'Traceback (most recent call last):\n  File "/home/odoo/adamson15-server/custom-addons/plm/models/product_product.py", line 1038, in create\n    res = super(PlmComponent, self).create(vals)\n  File "<decorator-gen-156>", line 2, in create\n  File "/home/odoo/adamson15-server/odoo15/odoo/api.py", line 412, in _model_create_multi\n    return create(self, [arg])\n  File "/home/odoo/linto15-test/odoo-15.0/addons/product/models/product.py", line 362, in create\n    products = super(ProductProduct, self.with_context(create_product_product=True)).create(vals_list)\n  File "<decorator-gen-131>", line 2, in create\n  File "/home/odoo/adamson15-server/odoo15/odoo/api.py", line 413, in _model_create_multi\n    return create(self, arg)\n  File "/home/odoo/linto15-test/odoo-15.0/addons/mail/models/mail_thread.py", line 265, in create\n    threads = super(MailThread, self).create(vals_list)\n  File "<decorator-gen-67>", line 2, in create\n  File "/home/odoo/adamson15-server/odoo15/odoo/api.py", line 413, in _model_create_multi\n    return create(self, arg)\n  File "/home/odoo/adamson15-server/odoo15/odoo/addons/base/models/ir_fields.py", line 613, in create\n    recs = super().create(vals_list)\n  File "<decorator-gen-13>", line 2, in create\n  File "/home/odoo/adamson15-server/odoo15/odoo/api.py", line 413, in _model_create_multi\n    return create(self, arg)\n  File "/home/odoo/adamson15-server/odoo15/odoo/models.py", line 4062, in create\n    parents = self.env[model_name].create([\n  File "<decorator-gen-220>", line 2, in create\n  File "/home/odoo/adamson15-server/odoo15/odoo/api.py", line 394, in _model_create_single\n    return self.browse().concat(*(create(self, vals) for vals in arg))\n  File "/home/odoo/adamson15-server/odoo15/odoo/api.py", line 394, in <genexpr>\n    return self.browse().concat(*(create(self, vals) for vals in arg))\n  File "/home/odoo/adamson15-server/custom-addons/plm/models/product_template.py", line 188, in create\n    return super(ProductTemplateExtension, self).create(vals)\n  File "<decorator-gen-153>", line 2, in create\n  File "/home/odoo/adamson15-server/odoo15/odoo/api.py", line 412, in _model_create_multi\n    return create(self, [arg])\n  File "/home/odoo/linto15-test/odoo-15.0/addons/product/models/product_template.py", line 465, in create\n    templates = super(ProductTemplate, self).create(vals_list)\n  File "<decorator-gen-131>", line 2, in create\n  File "/home/odoo/adamson15-server/odoo15/odoo/api.py", line 413, in _model_create_multi\n    return create(self, arg)\n  File "/home/odoo/linto15-test/odoo-15.0/addons/mail/models/mail_thread.py", line 265, in create\n    threads = super(MailThread, self).create(vals_list)\n  File "<decorator-gen-67>", line 2, in create\n  File "/home/odoo/adamson15-server/odoo15/odoo/api.py", line 413, in _model_create_multi\n    return create(self, arg)\n  File "/home/odoo/adamson15-server/odoo15/odoo/addons/base/models/ir_fields.py", line 613, in create\n    recs = super().create(vals_list)\n  File "<decorator-gen-13>", line 2, in create\n  File "/home/odoo/adamson15-server/odoo15/odoo/api.py", line 413, in _model_create_multi\n    return create(self, arg)\n  File "/home/odoo/adamson15-server/odoo15/odoo/models.py", line 4070, in create\n    records = self._create(data_list)\n  File "/home/odoo/adamson15-server/odoo15/odoo/models.py", line 4220, in _create\n    field.create([\n  File "/home/odoo/adamson15-server/odoo15/odoo/fields.py", line 3283, in create\n    self.write_batch(record_values, True)\n  File "/home/odoo/adamson15-server/odoo15/odoo/fields.py", line 3309, in write_batch\n    return self.write_real(records_commands_list, create)\n  File "/home/odoo/adamson15-server/odoo15/odoo/fields.py", line 3485, in write_real\n    flush()\n  File "/home/odoo/adamson15-server/odoo15/odoo/fields.py", line 3447, in flush\n    comodel.create(to_create)\n  File "<decorator-gen-67>", line 2, in create\n  File "/home/odoo/adamson15-server/odoo15/odoo/api.py", line 413, in _model_create_multi\n    return create(self, arg)\n  File "/home/odoo/adamson15-server/odoo15/odoo/addons/base/models/ir_fields.py", line 613, in create\n    recs = super().create(vals_list)\n  File "<decorator-gen-13>", line 2, in create\n  File "/home/odoo/adamson15-server/odoo15/odoo/api.py", line 413, in _model_create_multi\n    return create(self, arg)\n  File "/home/odoo/adamson15-server/odoo15/odoo/models.py", line 4070, in create\n    records = self._create(data_list)\n  File "/home/odoo/adamson15-server/odoo15/odoo/models.py", line 4168, in _create\n    cr.execute(query, params)\n  File "<decorator-gen-3>", line 2, in execute\n  File "/home/odoo/adamson15-server/odoo15/odoo/sql_db.py", line 90, in check\n    return f(self, *args, **kwargs)\n  File "/home/odoo/adamson15-server/odoo15/odoo/sql_db.py", line 313, in execute\n    res = self._obj.execute(query, params)\npsycopg2.errors.NotNullViolation: null value in column "name" violates not-null constraint\nDETAIL:  Failing row contains (4080, null, NP3TT-P-R - Red, null, 1, 0.00, 0.00, 1, 4, null, null, null, 3321, 1, 2, 2022-11-06 16:59:37.380794, 2, 2022-11-06 16:59:37.380794, null).\n\n\nDuring handling of the above exception, another exception occurred:\n\nTraceback (most recent call last):\n  File "/home/odoo/adamson15-server/odoo15/odoo/addons/base/controllers/rpc.py", line 93, in xmlrpc_2\n    response = self._xmlrpc(service)\n  File "/home/odoo/adamson15-server/odoo15/odoo/addons/base/controllers/rpc.py", line 73, in _xmlrpc\n    result = dispatch_rpc(service, method, params)\n  File "/home/odoo/adamson15-server/odoo15/odoo/http.py", line 141, in dispatch_rpc\n    result = dispatch(method, params)\n  File "/home/odoo/adamson15-server/odoo15/odoo/service/model.py", line 41, in dispatch\n    res = fn(db, uid, *params)\n  File "/home/odoo/adamson15-server/odoo15/odoo/service/model.py", line 169, in execute_kw\n    return execute(db, uid, obj, method, *args, **kw or {})\n  File "/home/odoo/adamson15-server/odoo15/odoo/service/model.py", line 94, in wrapper\n    return f(dbname, *args, **kwargs)\n  File "/home/odoo/adamson15-server/odoo15/odoo/service/model.py", line 176, in execute\n    res = execute_cr(cr, uid, obj, method, *args, **kw)\n  File "/home/odoo/adamson15-server/odoo15/odoo/service/model.py", line 160, in execute_cr\n    result = odoo.api.call_kw(recs, method, args, kw)\n  File "/home/odoo/adamson15-server/odoo15/odoo/api.py", line 462, in call_kw\n    result = _call_kw_model_create(method, model, args, kwargs)\n  File "/home/odoo/adamson15-server/odoo15/odoo/api.py", line 442, in _call_kw_model_create\n    result = method(recs, *args, **kwargs)\n  File "<decorator-gen-221>", line 2, in create\n  File "/home/odoo/adamson15-server/odoo15/odoo/api.py", line 391, in _model_create_single\n    return create(self, arg)\n  File "/home/odoo/adamson15-server/custom-addons/plm/models/product_product.py", line 1053, in create\n    raise Exception(msg)\nException: Error during component creation with values:\n\'categ_id\' = 260\n\'image_1920\' = False\n\'default_code\' = \'243-0012\'\n\'name\' = \'NP3TT-P-R - Red\'\n\'purchase_ok\' = True\n\'detailed_type\' = \'product\'\n\'description_purchase\' = False\n\'seller_ids\' = [[0, 0, {\'name\': 22851, \'product_name\': \'NP3TT-P-R - Red\', \'min_qty\': 1.0}], [0, 0, {\'name\': False, \'product_name\': \'NP3TT-P-R - Red\', \'min_qty\': 0.0}]]\n\'is_engcode_editable\' = False\n\'type\' = \'product\'\n\n\n------------------------------\n\nnull value in column "name" violates not-null constraint\nDETAIL:  Failing row contains (4080, null, NP3TT-P-R - Red, null, 1, 0.00, 0.00, 1, 4, null, null, null, 3321, 1, 2, 2022-11-06 16:59:37.380794, 2, 2022-11-06 16:59:37.380794, null).\n\n'>
{'track_production': False, 'supply_method': 'buy', 'date_standard_price': '2019-06-06 18:29:47', 'loc_type_id': False, 'incoming_qty': 0.0, 'standard_price': 21.75, 'current_month_use': 6.0, 'uom_id': [34, 'PCE'], 'description_purchase': False, 'default_code': '243-0019', 'qty_available': 74.0, 'id': 25189, 'last_month_use': 2.0, 'sale_ok': False, 'purchase_ok': True, 'can_be_rent': False, 'autogenerate': False, 'outsourcing_ok': False, 'op_location_id': [39, 'Physical Locations / Adamson Systems Engineering / Stock / Raw Materials'], 'last_average_use': 1.148936170212766, 'uom_po_id': [34, 'PCE'], 'type': 'product', 'procurement_qty': 0.0, 'country_of_origin_id': False, 'property_stock_wip': [54, 'Physical Locations / Adamson Systems Engineering / WIP'], 'description': False, 'last_standard_price': 21.75, 'procure_method': 'make_to_stock', 'date_real_standard_price': False, 'loc_section_id': False, 'fixed_by': False, 'active': True, 'property_stock_inventory': [5, 'Virtual Locations / Inventory loss'], 'cost_method': 'average', 'serial_sequence': False, 'property_stock_procurement': [6, 'Virtual Locations / Procurements'], 'image_medium': False, 'name': 'NLT8MX Neutrik 8C Male Cable Mount Conn.', 'loc_row_id': False, 'date_last_standard_price': '2019-06-06 18:29:47', 'categ_id': [3979, '243-Connector - Pins - Sockets - Housing'], 'outgoing_qty': -5.0, 'seller_ids': [9022, 9023, 9025, 9024], 'real_standard_price': 8.72, 'autogenerate_purchase': False, 'unique_production_number': False}
25189 NLT8MX Neutrik 8C Male Cable Mount Conn.
An exception occurred: <Fault 1: 'Traceback (most recent call last):\n  File "/home/odoo/adamson15-server/custom-addons/plm/models/product_product.py", line 1038, in create\n    res = super(PlmComponent, self).create(vals)\n  File "<decorator-gen-156>", line 2, in create\n  File "/home/odoo/adamson15-server/odoo15/odoo/api.py", line 412, in _model_create_multi\n    return create(self, [arg])\n  File "/home/odoo/linto15-test/odoo-15.0/addons/product/models/product.py", line 362, in create\n    products = super(ProductProduct, self.with_context(create_product_product=True)).create(vals_list)\n  File "<decorator-gen-131>", line 2, in create\n  File "/home/odoo/adamson15-server/odoo15/odoo/api.py", line 413, in _model_create_multi\n    return create(self, arg)\n  File "/home/odoo/linto15-test/odoo-15.0/addons/mail/models/mail_thread.py", line 265, in create\n    threads = super(MailThread, self).create(vals_list)\n  File "<decorator-gen-67>", line 2, in create\n  File "/home/odoo/adamson15-server/odoo15/odoo/api.py", line 413, in _model_create_multi\n    return create(self, arg)\n  File "/home/odoo/adamson15-server/odoo15/odoo/addons/base/models/ir_fields.py", line 613, in create\n    recs = super().create(vals_list)\n  File "<decorator-gen-13>", line 2, in create\n  File "/home/odoo/adamson15-server/odoo15/odoo/api.py", line 413, in _model_create_multi\n    return create(self, arg)\n  File "/home/odoo/adamson15-server/odoo15/odoo/models.py", line 4062, in create\n    parents = self.env[model_name].create([\n  File "<decorator-gen-220>", line 2, in create\n  File "/home/odoo/adamson15-server/odoo15/odoo/api.py", line 394, in _model_create_single\n    return self.browse().concat(*(create(self, vals) for vals in arg))\n  File "/home/odoo/adamson15-server/odoo15/odoo/api.py", line 394, in <genexpr>\n    return self.browse().concat(*(create(self, vals) for vals in arg))\n  File "/home/odoo/adamson15-server/custom-addons/plm/models/product_template.py", line 188, in create\n    return super(ProductTemplateExtension, self).create(vals)\n  File "<decorator-gen-153>", line 2, in create\n  File "/home/odoo/adamson15-server/odoo15/odoo/api.py", line 412, in _model_create_multi\n    return create(self, [arg])\n  File "/home/odoo/linto15-test/odoo-15.0/addons/product/models/product_template.py", line 465, in create\n    templates = super(ProductTemplate, self).create(vals_list)\n  File "<decorator-gen-131>", line 2, in create\n  File "/home/odoo/adamson15-server/odoo15/odoo/api.py", line 413, in _model_create_multi\n    return create(self, arg)\n  File "/home/odoo/linto15-test/odoo-15.0/addons/mail/models/mail_thread.py", line 265, in create\n    threads = super(MailThread, self).create(vals_list)\n  File "<decorator-gen-67>", line 2, in create\n  File "/home/odoo/adamson15-server/odoo15/odoo/api.py", line 413, in _model_create_multi\n    return create(self, arg)\n  File "/home/odoo/adamson15-server/odoo15/odoo/addons/base/models/ir_fields.py", line 613, in create\n    recs = super().create(vals_list)\n  File "<decorator-gen-13>", line 2, in create\n  File "/home/odoo/adamson15-server/odoo15/odoo/api.py", line 413, in _model_create_multi\n    return create(self, arg)\n  File "/home/odoo/adamson15-server/odoo15/odoo/models.py", line 4070, in create\n    records = self._create(data_list)\n  File "/home/odoo/adamson15-server/odoo15/odoo/models.py", line 4220, in _create\n    field.create([\n  File "/home/odoo/adamson15-server/odoo15/odoo/fields.py", line 3283, in create\n    self.write_batch(record_values, True)\n  File "/home/odoo/adamson15-server/odoo15/odoo/fields.py", line 3309, in write_batch\n    return self.write_real(records_commands_list, create)\n  File "/home/odoo/adamson15-server/odoo15/odoo/fields.py", line 3485, in write_real\n    flush()\n  File "/home/odoo/adamson15-server/odoo15/odoo/fields.py", line 3447, in flush\n    comodel.create(to_create)\n  File "<decorator-gen-67>", line 2, in create\n  File "/home/odoo/adamson15-server/odoo15/odoo/api.py", line 413, in _model_create_multi\n    return create(self, arg)\n  File "/home/odoo/adamson15-server/odoo15/odoo/addons/base/models/ir_fields.py", line 613, in create\n    recs = super().create(vals_list)\n  File "<decorator-gen-13>", line 2, in create\n  File "/home/odoo/adamson15-server/odoo15/odoo/api.py", line 413, in _model_create_multi\n    return create(self, arg)\n  File "/home/odoo/adamson15-server/odoo15/odoo/models.py", line 4070, in create\n    records = self._create(data_list)\n  File "/home/odoo/adamson15-server/odoo15/odoo/models.py", line 4168, in _create\n    cr.execute(query, params)\n  File "<decorator-gen-3>", line 2, in execute\n  File "/home/odoo/adamson15-server/odoo15/odoo/sql_db.py", line 90, in check\n    return f(self, *args, **kwargs)\n  File "/home/odoo/adamson15-server/odoo15/odoo/sql_db.py", line 313, in execute\n    res = self._obj.execute(query, params)\npsycopg2.errors.NotNullViolation: null value in column "name" violates not-null constraint\nDETAIL:  Failing row contains (4087, null, NLT8MX Neutrik 8C Male Cable Mount Conn., null, 1, 0.00, 0.00, 1, 4, null, null, null, 3327, 1, 2, 2022-11-06 16:59:57.51214, 2, 2022-11-06 16:59:57.51214, null).\n\n\nDuring handling of the above exception, another exception occurred:\n\nTraceback (most recent call last):\n  File "/home/odoo/adamson15-server/odoo15/odoo/addons/base/controllers/rpc.py", line 93, in xmlrpc_2\n    response = self._xmlrpc(service)\n  File "/home/odoo/adamson15-server/odoo15/odoo/addons/base/controllers/rpc.py", line 73, in _xmlrpc\n    result = dispatch_rpc(service, method, params)\n  File "/home/odoo/adamson15-server/odoo15/odoo/http.py", line 141, in dispatch_rpc\n    result = dispatch(method, params)\n  File "/home/odoo/adamson15-server/odoo15/odoo/service/model.py", line 41, in dispatch\n    res = fn(db, uid, *params)\n  File "/home/odoo/adamson15-server/odoo15/odoo/service/model.py", line 169, in execute_kw\n    return execute(db, uid, obj, method, *args, **kw or {})\n  File "/home/odoo/adamson15-server/odoo15/odoo/service/model.py", line 94, in wrapper\n    return f(dbname, *args, **kwargs)\n  File "/home/odoo/adamson15-server/odoo15/odoo/service/model.py", line 176, in execute\n    res = execute_cr(cr, uid, obj, method, *args, **kw)\n  File "/home/odoo/adamson15-server/odoo15/odoo/service/model.py", line 160, in execute_cr\n    result = odoo.api.call_kw(recs, method, args, kw)\n  File "/home/odoo/adamson15-server/odoo15/odoo/api.py", line 462, in call_kw\n    result = _call_kw_model_create(method, model, args, kwargs)\n  File "/home/odoo/adamson15-server/odoo15/odoo/api.py", line 442, in _call_kw_model_create\n    result = method(recs, *args, **kwargs)\n  File "<decorator-gen-221>", line 2, in create\n  File "/home/odoo/adamson15-server/odoo15/odoo/api.py", line 391, in _model_create_single\n    return create(self, arg)\n  File "/home/odoo/adamson15-server/custom-addons/plm/models/product_product.py", line 1053, in create\n    raise Exception(msg)\nException: Error during component creation with values:\n\'categ_id\' = 260\n\'image_1920\' = False\n\'default_code\' = \'243-0019\'\n\'name\' = \'NLT8MX Neutrik 8C Male Cable Mount Conn.\'\n\'purchase_ok\' = True\n\'detailed_type\' = \'product\'\n\'description_purchase\' = False\n\'seller_ids\' = [[0, 0, {\'name\': 21363, \'product_name\': \'NLT8MX Neutrik 8C Male Cable Mount Conn.\', \'min_qty\': 1.0}], [0, 0, {\'name\': False, \'product_name\': \'NLT8MX Neutrik 8C Male Cable Mount Conn.\', \'min_qty\': 0.0}], [0, 0, {\'name\': 21590, \'product_name\': \'NLT8MX Neutrik 8C Male Cable Mount Conn.\', \'min_qty\': 0.0}], [0, 0, {\'name\': 20561, \'product_name\': \'NLT8MX Neutrik 8C Male Cable Mount Conn.\', \'min_qty\': 0.0}]]\n\'is_engcode_editable\' = False\n\'type\' = \'product\'\n\n\n------------------------------\n\nnull value in column "name" violates not-null constraint\nDETAIL:  Failing row contains (4087, null, NLT8MX Neutrik 8C Male Cable Mount Conn., null, 1, 0.00, 0.00, 1, 4, null, null, null, 3327, 1, 2, 2022-11-06 16:59:57.51214, 2, 2022-11-06 16:59:57.51214, null).\n\n'>



17882,NL4FC Neutrik4 Cable Mount,"<Fault 1: 'Traceback (most recent call last):\n  File ""/home/odoo/adamson15-server/custom-addons/plm/models/product_product.py"", line 1038, in create\n    res = super(PlmComponent, self).create(vals)\n  File ""<decorator-gen-156>"", line 2, in create\n  File ""/home/odoo/adamson15-server/odoo15/odoo/api.py"", line 412, in _model_create_multi\n    return create(self, [arg])\n  File ""/home/odoo/linto15-test/odoo-15.0/addons/product/models/product.py"", line 362, in create\n    products = super(ProductProduct, self.with_context(create_product_product=True)).create(vals_list)\n  File ""<decorator-gen-131>"", line 2, in create\n  File ""/home/odoo/adamson15-server/odoo15/odoo/api.py"", line 413, in _model_create_multi\n    return create(self, arg)\n  File ""/home/odoo/linto15-test/odoo-15.0/addons/mail/models/mail_thread.py"", line 265, in create\n    threads = super(MailThread, self).create(vals_list)\n  File ""<decorator-gen-67>"", line 2, in create\n  File ""/home/odoo/adamson15-server/odoo15/odoo/api.py"", line 413, in _model_create_multi\n    return create(self, arg)\n  File ""/home/odoo/adamson15-server/odoo15/odoo/addons/base/models/ir_fields.py"", line 613, in create\n    recs = super().create(vals_list)\n  File ""<decorator-gen-13>"", line 2, in create\n  File ""/home/odoo/adamson15-server/odoo15/odoo/api.py"", line 413, in _model_create_multi\n    return create(self, arg)\n  File ""/home/odoo/adamson15-server/odoo15/odoo/models.py"", line 4062, in create\n    parents = self.env[model_name].create([\n  File ""<decorator-gen-220>"", line 2, in create\n  File ""/home/odoo/adamson15-server/odoo15/odoo/api.py"", line 394, in _model_create_single\n    return self.browse().concat(*(create(self, vals) for vals in arg))\n  File ""/home/odoo/adamson15-server/odoo15/odoo/api.py"", line 394, in <genexpr>\n    return self.browse().concat(*(create(self, vals) for vals in arg))\n  File ""/home/odoo/adamson15-server/custom-addons/plm/models/product_template.py"", line 188, in create\n    return super(ProductTemplateExtension, self).create(vals)\n  File ""<decorator-gen-153>"", line 2, in create\n  File ""/home/odoo/adamson15-server/odoo15/odoo/api.py"", line 412, in _model_create_multi\n    return create(self, [arg])\n  File ""/home/odoo/linto15-test/odoo-15.0/addons/product/models/product_template.py"", line 465, in create\n    templates = super(ProductTemplate, self).create(vals_list)\n  File ""<decorator-gen-131>"", line 2, in create\n  File ""/home/odoo/adamson15-server/odoo15/odoo/api.py"", line 413, in _model_create_multi\n    return create(self, arg)\n  File ""/home/odoo/linto15-test/odoo-15.0/addons/mail/models/mail_thread.py"", line 265, in create\n    threads = super(MailThread, self).create(vals_list)\n  File ""<decorator-gen-67>"", line 2, in create\n  File ""/home/odoo/adamson15-server/odoo15/odoo/api.py"", line 413, in _model_create_multi\n    return create(self, arg)\n  File ""/home/odoo/adamson15-server/odoo15/odoo/addons/base/models/ir_fields.py"", line 613, in create\n    recs = super().create(vals_list)\n  File ""<decorator-gen-13>"", line 2, in create\n  File ""/home/odoo/adamson15-server/odoo15/odoo/api.py"", line 413, in _model_create_multi\n    return create(self, arg)\n  File ""/home/odoo/adamson15-server/odoo15/odoo/models.py"", line 4070, in create\n    records = self._create(data_list)\n  File ""/home/odoo/adamson15-server/odoo15/odoo/models.py"", line 4220, in _create\n    field.create([\n  File ""/home/odoo/adamson15-server/odoo15/odoo/fields.py"", line 3283, in create\n    self.write_batch(record_values, True)\n  File ""/home/odoo/adamson15-server/odoo15/odoo/fields.py"", line 3309, in write_batch\n    return self.write_real(records_commands_list, create)\n  File ""/home/odoo/adamson15-server/odoo15/odoo/fields.py"", line 3485, in write_real\n    flush()\n  File ""/home/odoo/adamson15-server/odoo15/odoo/fields.py"", line 3447, in flush\n    comodel.create(to_create)\n  File ""<decorator-gen-67>"", line 2, in create\n  File ""/home/odoo/adamson15-server/odoo15/odoo/api.py"", line 413, in _model_create_multi\n    return create(self, arg)\n  File ""/home/odoo/adamson15-server/odoo15/odoo/addons/base/models/ir_fields.py"", line 613, in create\n    recs = super().create(vals_list)\n  File ""<decorator-gen-13>"", line 2, in create\n  File ""/home/odoo/adamson15-server/odoo15/odoo/api.py"", line 413, in _model_create_multi\n    return create(self, arg)\n  File ""/home/odoo/adamson15-server/odoo15/odoo/models.py"", line 4070, in create\n    records = self._create(data_list)\n  File ""/home/odoo/adamson15-server/odoo15/odoo/models.py"", line 4168, in _create\n    cr.execute(query, params)\n  File ""<decorator-gen-3>"", line 2, in execute\n  File ""/home/odoo/adamson15-server/odoo15/odoo/sql_db.py"", line 90, in check\n    return f(self, *args, **kwargs)\n  File ""/home/odoo/adamson15-server/odoo15/odoo/sql_db.py"", line 313, in execute\n    res = self._obj.execute(query, params)\npsycopg2.errors.NotNullViolation: null value in column ""name"" violates not-null constraint\nDETAIL:  Failing row contains (4072, null, NL4FC Neutrik4 Cable Mount, null, 1, 0.00, 0.00, 1, 4, null, null, null, 3318, 1, 2, 2022-11-06 16:59:25.143419, 2, 2022-11-06 16:59:25.143419, null).\n\n\nDuring handling of the above exception, another exception occurred:\n\nTraceback (most recent call last):\n  File ""/home/odoo/adamson15-server/odoo15/odoo/addons/base/controllers/rpc.py"", line 93, in xmlrpc_2\n    response = self._xmlrpc(service)\n  File ""/home/odoo/adamson15-server/odoo15/odoo/addons/base/controllers/rpc.py"", line 73, in _xmlrpc\n    result = dispatch_rpc(service, method, params)\n  File ""/home/odoo/adamson15-server/odoo15/odoo/http.py"", line 141, in dispatch_rpc\n    result = dispatch(method, params)\n  File ""/home/odoo/adamson15-server/odoo15/odoo/service/model.py"", line 41, in dispatch\n    res = fn(db, uid, *params)\n  File ""/home/odoo/adamson15-server/odoo15/odoo/service/model.py"", line 169, in execute_kw\n    return execute(db, uid, obj, method, *args, **kw or {})\n  File ""/home/odoo/adamson15-server/odoo15/odoo/service/model.py"", line 94, in wrapper\n    return f(dbname, *args, **kwargs)\n  File ""/home/odoo/adamson15-server/odoo15/odoo/service/model.py"", line 176, in execute\n    res = execute_cr(cr, uid, obj, method, *args, **kw)\n  File ""/home/odoo/adamson15-server/odoo15/odoo/service/model.py"", line 160, in execute_cr\n    result = odoo.api.call_kw(recs, method, args, kw)\n  File ""/home/odoo/adamson15-server/odoo15/odoo/api.py"", line 462, in call_kw\n    result = _call_kw_model_create(method, model, args, kwargs)\n  File ""/home/odoo/adamson15-server/odoo15/odoo/api.py"", line 442, in _call_kw_model_create\n    result = method(recs, *args, **kwargs)\n  File ""<decorator-gen-221>"", line 2, in create\n  File ""/home/odoo/adamson15-server/odoo15/odoo/api.py"", line 391, in _model_create_single\n    return create(self, arg)\n  File ""/home/odoo/adamson15-server/custom-addons/plm/models/product_product.py"", line 1053, in create\n    raise Exception(msg)\nException: Error during component creation with values:\n\'categ_id\' = 260\n\'image_1920\' = False\n\'default_code\' = \'243-0009\'\n\'name\' = \'NL4FC Neutrik4 Cable Mount\'\n\'purchase_ok\' = True\n\'detailed_type\' = \'product\'\n\'description_purchase\' = False\n\'seller_ids\' = [[0, 0, {\'name\': False, \'product_name\': \'NL4FC Neutrik4 Cable Mount\', \'min_qty\': 0.0}], [0, 0, {\'name\': 21363, \'product_name\': \'NL4FC Neutrik4 Cable Mount\', \'min_qty\': 1.0}], [0, 0, {\'name\': 21999, \'product_name\': \'NL4FC Neutrik4 Cable Mount\', \'min_qty\': 0.0}]]\n\'is_engcode_editable\' = False\n\'type\' = \'product\'\n\n\n------------------------------\n\nnull value in column ""name"" violates not-null constraint\nDETAIL:  Failing row contains (4072, null, NL4FC Neutrik4 Cable Mount, null, 1, 0.00, 0.00, 1, 4, null, null, null, 3318, 1, 2, 2022-11-06 16:59:25.143419, 2, 2022-11-06 16:59:25.143419, null).\n\n'>"
17884,NL8FC Neutrik 8C Fem. Cable Mount Conn.,"<Fault 1: 'Traceback (most recent call last):\n  File ""/home/odoo/adamson15-server/custom-addons/plm/models/product_product.py"", line 1038, in create\n    res = super(PlmComponent, self).create(vals)\n  File ""<decorator-gen-156>"", line 2, in create\n  File ""/home/odoo/adamson15-server/odoo15/odoo/api.py"", line 412, in _model_create_multi\n    return create(self, [arg])\n  File ""/home/odoo/linto15-test/odoo-15.0/addons/product/models/product.py"", line 362, in create\n    products = super(ProductProduct, self.with_context(create_product_product=True)).create(vals_list)\n  File ""<decorator-gen-131>"", line 2, in create\n  File ""/home/odoo/adamson15-server/odoo15/odoo/api.py"", line 413, in _model_create_multi\n    return create(self, arg)\n  File ""/home/odoo/linto15-test/odoo-15.0/addons/mail/models/mail_thread.py"", line 265, in create\n    threads = super(MailThread, self).create(vals_list)\n  File ""<decorator-gen-67>"", line 2, in create\n  File ""/home/odoo/adamson15-server/odoo15/odoo/api.py"", line 413, in _model_create_multi\n    return create(self, arg)\n  File ""/home/odoo/adamson15-server/odoo15/odoo/addons/base/models/ir_fields.py"", line 613, in create\n    recs = super().create(vals_list)\n  File ""<decorator-gen-13>"", line 2, in create\n  File ""/home/odoo/adamson15-server/odoo15/odoo/api.py"", line 413, in _model_create_multi\n    return create(self, arg)\n  File ""/home/odoo/adamson15-server/odoo15/odoo/models.py"", line 4062, in create\n    parents = self.env[model_name].create([\n  File ""<decorator-gen-220>"", line 2, in create\n  File ""/home/odoo/adamson15-server/odoo15/odoo/api.py"", line 394, in _model_create_single\n    return self.browse().concat(*(create(self, vals) for vals in arg))\n  File ""/home/odoo/adamson15-server/odoo15/odoo/api.py"", line 394, in <genexpr>\n    return self.browse().concat(*(create(self, vals) for vals in arg))\n  File ""/home/odoo/adamson15-server/custom-addons/plm/models/product_template.py"", line 188, in create\n    return super(ProductTemplateExtension, self).create(vals)\n  File ""<decorator-gen-153>"", line 2, in create\n  File ""/home/odoo/adamson15-server/odoo15/odoo/api.py"", line 412, in _model_create_multi\n    return create(self, [arg])\n  File ""/home/odoo/linto15-test/odoo-15.0/addons/product/models/product_template.py"", line 465, in create\n    templates = super(ProductTemplate, self).create(vals_list)\n  File ""<decorator-gen-131>"", line 2, in create\n  File ""/home/odoo/adamson15-server/odoo15/odoo/api.py"", line 413, in _model_create_multi\n    return create(self, arg)\n  File ""/home/odoo/linto15-test/odoo-15.0/addons/mail/models/mail_thread.py"", line 265, in create\n    threads = super(MailThread, self).create(vals_list)\n  File ""<decorator-gen-67>"", line 2, in create\n  File ""/home/odoo/adamson15-server/odoo15/odoo/api.py"", line 413, in _model_create_multi\n    return create(self, arg)\n  File ""/home/odoo/adamson15-server/odoo15/odoo/addons/base/models/ir_fields.py"", line 613, in create\n    recs = super().create(vals_list)\n  File ""<decorator-gen-13>"", line 2, in create\n  File ""/home/odoo/adamson15-server/odoo15/odoo/api.py"", line 413, in _model_create_multi\n    return create(self, arg)\n  File ""/home/odoo/adamson15-server/odoo15/odoo/models.py"", line 4070, in create\n    records = self._create(data_list)\n  File ""/home/odoo/adamson15-server/odoo15/odoo/models.py"", line 4220, in _create\n    field.create([\n  File ""/home/odoo/adamson15-server/odoo15/odoo/fields.py"", line 3283, in create\n    self.write_batch(record_values, True)\n  File ""/home/odoo/adamson15-server/odoo15/odoo/fields.py"", line 3309, in write_batch\n    return self.write_real(records_commands_list, create)\n  File ""/home/odoo/adamson15-server/odoo15/odoo/fields.py"", line 3485, in write_real\n    flush()\n  File ""/home/odoo/adamson15-server/odoo15/odoo/fields.py"", line 3447, in flush\n    comodel.create(to_create)\n  File ""<decorator-gen-67>"", line 2, in create\n  File ""/home/odoo/adamson15-server/odoo15/odoo/api.py"", line 413, in _model_create_multi\n    return create(self, arg)\n  File ""/home/odoo/adamson15-server/odoo15/odoo/addons/base/models/ir_fields.py"", line 613, in create\n    recs = super().create(vals_list)\n  File ""<decorator-gen-13>"", line 2, in create\n  File ""/home/odoo/adamson15-server/odoo15/odoo/api.py"", line 413, in _model_create_multi\n    return create(self, arg)\n  File ""/home/odoo/adamson15-server/odoo15/odoo/models.py"", line 4070, in create\n    records = self._create(data_list)\n  File ""/home/odoo/adamson15-server/odoo15/odoo/models.py"", line 4168, in _create\n    cr.execute(query, params)\n  File ""<decorator-gen-3>"", line 2, in execute\n  File ""/home/odoo/adamson15-server/odoo15/odoo/sql_db.py"", line 90, in check\n    return f(self, *args, **kwargs)\n  File ""/home/odoo/adamson15-server/odoo15/odoo/sql_db.py"", line 313, in execute\n    res = self._obj.execute(query, params)\npsycopg2.errors.NotNullViolation: null value in column ""name"" violates not-null constraint\nDETAIL:  Failing row contains (4076, null, NL8FC Neutrik 8C Fem. Cable Mount Conn., null, 1, 0.00, 0.00, 1, 4, null, null, null, 3319, 1, 2, 2022-11-06 16:59:31.271363, 2, 2022-11-06 16:59:31.271363, null).\n\n\nDuring handling of the above exception, another exception occurred:\n\nTraceback (most recent call last):\n  File ""/home/odoo/adamson15-server/odoo15/odoo/addons/base/controllers/rpc.py"", line 93, in xmlrpc_2\n    response = self._xmlrpc(service)\n  File ""/home/odoo/adamson15-server/odoo15/odoo/addons/base/controllers/rpc.py"", line 73, in _xmlrpc\n    result = dispatch_rpc(service, method, params)\n  File ""/home/odoo/adamson15-server/odoo15/odoo/http.py"", line 141, in dispatch_rpc\n    result = dispatch(method, params)\n  File ""/home/odoo/adamson15-server/odoo15/odoo/service/model.py"", line 41, in dispatch\n    res = fn(db, uid, *params)\n  File ""/home/odoo/adamson15-server/odoo15/odoo/service/model.py"", line 169, in execute_kw\n    return execute(db, uid, obj, method, *args, **kw or {})\n  File ""/home/odoo/adamson15-server/odoo15/odoo/service/model.py"", line 94, in wrapper\n    return f(dbname, *args, **kwargs)\n  File ""/home/odoo/adamson15-server/odoo15/odoo/service/model.py"", line 176, in execute\n    res = execute_cr(cr, uid, obj, method, *args, **kw)\n  File ""/home/odoo/adamson15-server/odoo15/odoo/service/model.py"", line 160, in execute_cr\n    result = odoo.api.call_kw(recs, method, args, kw)\n  File ""/home/odoo/adamson15-server/odoo15/odoo/api.py"", line 462, in call_kw\n    result = _call_kw_model_create(method, model, args, kwargs)\n  File ""/home/odoo/adamson15-server/odoo15/odoo/api.py"", line 442, in _call_kw_model_create\n    result = method(recs, *args, **kwargs)\n  File ""<decorator-gen-221>"", line 2, in create\n  File ""/home/odoo/adamson15-server/odoo15/odoo/api.py"", line 391, in _model_create_single\n    return create(self, arg)\n  File ""/home/odoo/adamson15-server/custom-addons/plm/models/product_product.py"", line 1053, in create\n    raise Exception(msg)\nException: Error during component creation with values:\n\'categ_id\' = 260\n\'image_1920\' = False\n\'default_code\' = \'243-0010\'\n\'name\' = \'NL8FC Neutrik 8C Fem. Cable Mount Conn.\'\n\'purchase_ok\' = True\n\'detailed_type\' = \'product\'\n\'description_purchase\' = False\n\'seller_ids\' = [[0, 0, {\'name\': 21590, \'product_name\': \'NL8FC Neutrik 8C Fem. Cable Mount Conn.\', \'min_qty\': 0.0}], [0, 0, {\'name\': 21999, \'product_name\': \'NL8FC Neutrik 8C Fem. Cable Mount Conn.\', \'min_qty\': 0.0}], [0, 0, {\'name\': 21363, \'product_name\': \'NL8FC Neutrik 8C Fem. Cable Mount Conn.\', \'min_qty\': 1.0}], [0, 0, {\'name\': False, \'product_name\': \'NL8FC Neutrik 8C Fem. Cable Mount Conn.\', \'min_qty\': 0.0}], [0, 0, {\'name\': 20561, \'product_name\': \'NL8FC Neutrik 8C Fem. Cable Mount Conn.\', \'min_qty\': 0.0}]]\n\'is_engcode_editable\' = False\n\'type\' = \'product\'\n\n\n------------------------------\n\nnull value in column ""name"" violates not-null constraint\nDETAIL:  Failing row contains (4076, null, NL8FC Neutrik 8C Fem. Cable Mount Conn., null, 1, 0.00, 0.00, 1, 4, null, null, null, 3319, 1, 2, 2022-11-06 16:59:31.271363, 2, 2022-11-06 16:59:31.271363, null).\n\n'>"
17891,NP3TT-P-B - Black,"<Fault 1: 'Traceback (most recent call last):\n  File ""/home/odoo/adamson15-server/custom-addons/plm/models/product_product.py"", line 1038, in create\n    res = super(PlmComponent, self).create(vals)\n  File ""<decorator-gen-156>"", line 2, in create\n  File ""/home/odoo/adamson15-server/odoo15/odoo/api.py"", line 412, in _model_create_multi\n    return create(self, [arg])\n  File ""/home/odoo/linto15-test/odoo-15.0/addons/product/models/product.py"", line 362, in create\n    products = super(ProductProduct, self.with_context(create_product_product=True)).create(vals_list)\n  File ""<decorator-gen-131>"", line 2, in create\n  File ""/home/odoo/adamson15-server/odoo15/odoo/api.py"", line 413, in _model_create_multi\n    return create(self, arg)\n  File ""/home/odoo/linto15-test/odoo-15.0/addons/mail/models/mail_thread.py"", line 265, in create\n    threads = super(MailThread, self).create(vals_list)\n  File ""<decorator-gen-67>"", line 2, in create\n  File ""/home/odoo/adamson15-server/odoo15/odoo/api.py"", line 413, in _model_create_multi\n    return create(self, arg)\n  File ""/home/odoo/adamson15-server/odoo15/odoo/addons/base/models/ir_fields.py"", line 613, in create\n    recs = super().create(vals_list)\n  File ""<decorator-gen-13>"", line 2, in create\n  File ""/home/odoo/adamson15-server/odoo15/odoo/api.py"", line 413, in _model_create_multi\n    return create(self, arg)\n  File ""/home/odoo/adamson15-server/odoo15/odoo/models.py"", line 4062, in create\n    parents = self.env[model_name].create([\n  File ""<decorator-gen-220>"", line 2, in create\n  File ""/home/odoo/adamson15-server/odoo15/odoo/api.py"", line 394, in _model_create_single\n    return self.browse().concat(*(create(self, vals) for vals in arg))\n  File ""/home/odoo/adamson15-server/odoo15/odoo/api.py"", line 394, in <genexpr>\n    return self.browse().concat(*(create(self, vals) for vals in arg))\n  File ""/home/odoo/adamson15-server/custom-addons/plm/models/product_template.py"", line 188, in create\n    return super(ProductTemplateExtension, self).create(vals)\n  File ""<decorator-gen-153>"", line 2, in create\n  File ""/home/odoo/adamson15-server/odoo15/odoo/api.py"", line 412, in _model_create_multi\n    return create(self, [arg])\n  File ""/home/odoo/linto15-test/odoo-15.0/addons/product/models/product_template.py"", line 465, in create\n    templates = super(ProductTemplate, self).create(vals_list)\n  File ""<decorator-gen-131>"", line 2, in create\n  File ""/home/odoo/adamson15-server/odoo15/odoo/api.py"", line 413, in _model_create_multi\n    return create(self, arg)\n  File ""/home/odoo/linto15-test/odoo-15.0/addons/mail/models/mail_thread.py"", line 265, in create\n    threads = super(MailThread, self).create(vals_list)\n  File ""<decorator-gen-67>"", line 2, in create\n  File ""/home/odoo/adamson15-server/odoo15/odoo/api.py"", line 413, in _model_create_multi\n    return create(self, arg)\n  File ""/home/odoo/adamson15-server/odoo15/odoo/addons/base/models/ir_fields.py"", line 613, in create\n    recs = super().create(vals_list)\n  File ""<decorator-gen-13>"", line 2, in create\n  File ""/home/odoo/adamson15-server/odoo15/odoo/api.py"", line 413, in _model_create_multi\n    return create(self, arg)\n  File ""/home/odoo/adamson15-server/odoo15/odoo/models.py"", line 4070, in create\n    records = self._create(data_list)\n  File ""/home/odoo/adamson15-server/odoo15/odoo/models.py"", line 4220, in _create\n    field.create([\n  File ""/home/odoo/adamson15-server/odoo15/odoo/fields.py"", line 3283, in create\n    self.write_batch(record_values, True)\n  File ""/home/odoo/adamson15-server/odoo15/odoo/fields.py"", line 3309, in write_batch\n    return self.write_real(records_commands_list, create)\n  File ""/home/odoo/adamson15-server/odoo15/odoo/fields.py"", line 3485, in write_real\n    flush()\n  File ""/home/odoo/adamson15-server/odoo15/odoo/fields.py"", line 3447, in flush\n    comodel.create(to_create)\n  File ""<decorator-gen-67>"", line 2, in create\n  File ""/home/odoo/adamson15-server/odoo15/odoo/api.py"", line 413, in _model_create_multi\n    return create(self, arg)\n  File ""/home/odoo/adamson15-server/odoo15/odoo/addons/base/models/ir_fields.py"", line 613, in create\n    recs = super().create(vals_list)\n  File ""<decorator-gen-13>"", line 2, in create\n  File ""/home/odoo/adamson15-server/odoo15/odoo/api.py"", line 413, in _model_create_multi\n    return create(self, arg)\n  File ""/home/odoo/adamson15-server/odoo15/odoo/models.py"", line 4070, in create\n    records = self._create(data_list)\n  File ""/home/odoo/adamson15-server/odoo15/odoo/models.py"", line 4168, in _create\n    cr.execute(query, params)\n  File ""<decorator-gen-3>"", line 2, in execute\n  File ""/home/odoo/adamson15-server/odoo15/odoo/sql_db.py"", line 90, in check\n    return f(self, *args, **kwargs)\n  File ""/home/odoo/adamson15-server/odoo15/odoo/sql_db.py"", line 313, in execute\n    res = self._obj.execute(query, params)\npsycopg2.errors.NotNullViolation: null value in column ""name"" violates not-null constraint\nDETAIL:  Failing row contains (4078, null, NP3TT-P-B - Black, null, 1, 0.00, 0.00, 1, 4, null, null, null, 3320, 1, 2, 2022-11-06 16:59:34.210278, 2, 2022-11-06 16:59:34.210278, null).\n\n\nDuring handling of the above exception, another exception occurred:\n\nTraceback (most recent call last):\n  File ""/home/odoo/adamson15-server/odoo15/odoo/addons/base/controllers/rpc.py"", line 93, in xmlrpc_2\n    response = self._xmlrpc(service)\n  File ""/home/odoo/adamson15-server/odoo15/odoo/addons/base/controllers/rpc.py"", line 73, in _xmlrpc\n    result = dispatch_rpc(service, method, params)\n  File ""/home/odoo/adamson15-server/odoo15/odoo/http.py"", line 141, in dispatch_rpc\n    result = dispatch(method, params)\n  File ""/home/odoo/adamson15-server/odoo15/odoo/service/model.py"", line 41, in dispatch\n    res = fn(db, uid, *params)\n  File ""/home/odoo/adamson15-server/odoo15/odoo/service/model.py"", line 169, in execute_kw\n    return execute(db, uid, obj, method, *args, **kw or {})\n  File ""/home/odoo/adamson15-server/odoo15/odoo/service/model.py"", line 94, in wrapper\n    return f(dbname, *args, **kwargs)\n  File ""/home/odoo/adamson15-server/odoo15/odoo/service/model.py"", line 176, in execute\n    res = execute_cr(cr, uid, obj, method, *args, **kw)\n  File ""/home/odoo/adamson15-server/odoo15/odoo/service/model.py"", line 160, in execute_cr\n    result = odoo.api.call_kw(recs, method, args, kw)\n  File ""/home/odoo/adamson15-server/odoo15/odoo/api.py"", line 462, in call_kw\n    result = _call_kw_model_create(method, model, args, kwargs)\n  File ""/home/odoo/adamson15-server/odoo15/odoo/api.py"", line 442, in _call_kw_model_create\n    result = method(recs, *args, **kwargs)\n  File ""<decorator-gen-221>"", line 2, in create\n  File ""/home/odoo/adamson15-server/odoo15/odoo/api.py"", line 391, in _model_create_single\n    return create(self, arg)\n  File ""/home/odoo/adamson15-server/custom-addons/plm/models/product_product.py"", line 1053, in create\n    raise Exception(msg)\nException: Error during component creation with values:\n\'categ_id\' = 260\n\'image_1920\' = False\n\'default_code\' = \'243-0011\'\n\'name\' = \'NP3TT-P-B - Black\'\n\'purchase_ok\' = True\n\'detailed_type\' = \'product\'\n\'description_purchase\' = False\n\'seller_ids\' = [[0, 0, {\'name\': 22851, \'product_name\': \'NP3TT-P-B - Black\', \'min_qty\': 1.0}], [0, 0, {\'name\': False, \'product_name\': \'NP3TT-P-B - Black\', \'min_qty\': 0.0}]]\n\'is_engcode_editable\' = False\n\'type\' = \'product\'\n\n\n------------------------------\n\nnull value in column ""name"" violates not-null constraint\nDETAIL:  Failing row contains (4078, null, NP3TT-P-B - Black, null, 1, 0.00, 0.00, 1, 4, null, null, null, 3320, 1, 2, 2022-11-06 16:59:34.210278, 2, 2022-11-06 16:59:34.210278, null).\n\n'>"
17889,NP3TT-P-R - Red,"<Fault 1: 'Traceback (most recent call last):\n  File ""/home/odoo/adamson15-server/custom-addons/plm/models/product_product.py"", line 1038, in create\n    res = super(PlmComponent, self).create(vals)\n  File ""<decorator-gen-156>"", line 2, in create\n  File ""/home/odoo/adamson15-server/odoo15/odoo/api.py"", line 412, in _model_create_multi\n    return create(self, [arg])\n  File ""/home/odoo/linto15-test/odoo-15.0/addons/product/models/product.py"", line 362, in create\n    products = super(ProductProduct, self.with_context(create_product_product=True)).create(vals_list)\n  File ""<decorator-gen-131>"", line 2, in create\n  File ""/home/odoo/adamson15-server/odoo15/odoo/api.py"", line 413, in _model_create_multi\n    return create(self, arg)\n  File ""/home/odoo/linto15-test/odoo-15.0/addons/mail/models/mail_thread.py"", line 265, in create\n    threads = super(MailThread, self).create(vals_list)\n  File ""<decorator-gen-67>"", line 2, in create\n  File ""/home/odoo/adamson15-server/odoo15/odoo/api.py"", line 413, in _model_create_multi\n    return create(self, arg)\n  File ""/home/odoo/adamson15-server/odoo15/odoo/addons/base/models/ir_fields.py"", line 613, in create\n    recs = super().create(vals_list)\n  File ""<decorator-gen-13>"", line 2, in create\n  File ""/home/odoo/adamson15-server/odoo15/odoo/api.py"", line 413, in _model_create_multi\n    return create(self, arg)\n  File ""/home/odoo/adamson15-server/odoo15/odoo/models.py"", line 4062, in create\n    parents = self.env[model_name].create([\n  File ""<decorator-gen-220>"", line 2, in create\n  File ""/home/odoo/adamson15-server/odoo15/odoo/api.py"", line 394, in _model_create_single\n    return self.browse().concat(*(create(self, vals) for vals in arg))\n  File ""/home/odoo/adamson15-server/odoo15/odoo/api.py"", line 394, in <genexpr>\n    return self.browse().concat(*(create(self, vals) for vals in arg))\n  File ""/home/odoo/adamson15-server/custom-addons/plm/models/product_template.py"", line 188, in create\n    return super(ProductTemplateExtension, self).create(vals)\n  File ""<decorator-gen-153>"", line 2, in create\n  File ""/home/odoo/adamson15-server/odoo15/odoo/api.py"", line 412, in _model_create_multi\n    return create(self, [arg])\n  File ""/home/odoo/linto15-test/odoo-15.0/addons/product/models/product_template.py"", line 465, in create\n    templates = super(ProductTemplate, self).create(vals_list)\n  File ""<decorator-gen-131>"", line 2, in create\n  File ""/home/odoo/adamson15-server/odoo15/odoo/api.py"", line 413, in _model_create_multi\n    return create(self, arg)\n  File ""/home/odoo/linto15-test/odoo-15.0/addons/mail/models/mail_thread.py"", line 265, in create\n    threads = super(MailThread, self).create(vals_list)\n  File ""<decorator-gen-67>"", line 2, in create\n  File ""/home/odoo/adamson15-server/odoo15/odoo/api.py"", line 413, in _model_create_multi\n    return create(self, arg)\n  File ""/home/odoo/adamson15-server/odoo15/odoo/addons/base/models/ir_fields.py"", line 613, in create\n    recs = super().create(vals_list)\n  File ""<decorator-gen-13>"", line 2, in create\n  File ""/home/odoo/adamson15-server/odoo15/odoo/api.py"", line 413, in _model_create_multi\n    return create(self, arg)\n  File ""/home/odoo/adamson15-server/odoo15/odoo/models.py"", line 4070, in create\n    records = self._create(data_list)\n  File ""/home/odoo/adamson15-server/odoo15/odoo/models.py"", line 4220, in _create\n    field.create([\n  File ""/home/odoo/adamson15-server/odoo15/odoo/fields.py"", line 3283, in create\n    self.write_batch(record_values, True)\n  File ""/home/odoo/adamson15-server/odoo15/odoo/fields.py"", line 3309, in write_batch\n    return self.write_real(records_commands_list, create)\n  File ""/home/odoo/adamson15-server/odoo15/odoo/fields.py"", line 3485, in write_real\n    flush()\n  File ""/home/odoo/adamson15-server/odoo15/odoo/fields.py"", line 3447, in flush\n    comodel.create(to_create)\n  File ""<decorator-gen-67>"", line 2, in create\n  File ""/home/odoo/adamson15-server/odoo15/odoo/api.py"", line 413, in _model_create_multi\n    return create(self, arg)\n  File ""/home/odoo/adamson15-server/odoo15/odoo/addons/base/models/ir_fields.py"", line 613, in create\n    recs = super().create(vals_list)\n  File ""<decorator-gen-13>"", line 2, in create\n  File ""/home/odoo/adamson15-server/odoo15/odoo/api.py"", line 413, in _model_create_multi\n    return create(self, arg)\n  File ""/home/odoo/adamson15-server/odoo15/odoo/models.py"", line 4070, in create\n    records = self._create(data_list)\n  File ""/home/odoo/adamson15-server/odoo15/odoo/models.py"", line 4168, in _create\n    cr.execute(query, params)\n  File ""<decorator-gen-3>"", line 2, in execute\n  File ""/home/odoo/adamson15-server/odoo15/odoo/sql_db.py"", line 90, in check\n    return f(self, *args, **kwargs)\n  File ""/home/odoo/adamson15-server/odoo15/odoo/sql_db.py"", line 313, in execute\n    res = self._obj.execute(query, params)\npsycopg2.errors.NotNullViolation: null value in column ""name"" violates not-null constraint\nDETAIL:  Failing row contains (4080, null, NP3TT-P-R - Red, null, 1, 0.00, 0.00, 1, 4, null, null, null, 3321, 1, 2, 2022-11-06 16:59:37.380794, 2, 2022-11-06 16:59:37.380794, null).\n\n\nDuring handling of the above exception, another exception occurred:\n\nTraceback (most recent call last):\n  File ""/home/odoo/adamson15-server/odoo15/odoo/addons/base/controllers/rpc.py"", line 93, in xmlrpc_2\n    response = self._xmlrpc(service)\n  File ""/home/odoo/adamson15-server/odoo15/odoo/addons/base/controllers/rpc.py"", line 73, in _xmlrpc\n    result = dispatch_rpc(service, method, params)\n  File ""/home/odoo/adamson15-server/odoo15/odoo/http.py"", line 141, in dispatch_rpc\n    result = dispatch(method, params)\n  File ""/home/odoo/adamson15-server/odoo15/odoo/service/model.py"", line 41, in dispatch\n    res = fn(db, uid, *params)\n  File ""/home/odoo/adamson15-server/odoo15/odoo/service/model.py"", line 169, in execute_kw\n    return execute(db, uid, obj, method, *args, **kw or {})\n  File ""/home/odoo/adamson15-server/odoo15/odoo/service/model.py"", line 94, in wrapper\n    return f(dbname, *args, **kwargs)\n  File ""/home/odoo/adamson15-server/odoo15/odoo/service/model.py"", line 176, in execute\n    res = execute_cr(cr, uid, obj, method, *args, **kw)\n  File ""/home/odoo/adamson15-server/odoo15/odoo/service/model.py"", line 160, in execute_cr\n    result = odoo.api.call_kw(recs, method, args, kw)\n  File ""/home/odoo/adamson15-server/odoo15/odoo/api.py"", line 462, in call_kw\n    result = _call_kw_model_create(method, model, args, kwargs)\n  File ""/home/odoo/adamson15-server/odoo15/odoo/api.py"", line 442, in _call_kw_model_create\n    result = method(recs, *args, **kwargs)\n  File ""<decorator-gen-221>"", line 2, in create\n  File ""/home/odoo/adamson15-server/odoo15/odoo/api.py"", line 391, in _model_create_single\n    return create(self, arg)\n  File ""/home/odoo/adamson15-server/custom-addons/plm/models/product_product.py"", line 1053, in create\n    raise Exception(msg)\nException: Error during component creation with values:\n\'categ_id\' = 260\n\'image_1920\' = False\n\'default_code\' = \'243-0012\'\n\'name\' = \'NP3TT-P-R - Red\'\n\'purchase_ok\' = True\n\'detailed_type\' = \'product\'\n\'description_purchase\' = False\n\'seller_ids\' = [[0, 0, {\'name\': 22851, \'product_name\': \'NP3TT-P-R - Red\', \'min_qty\': 1.0}], [0, 0, {\'name\': False, \'product_name\': \'NP3TT-P-R - Red\', \'min_qty\': 0.0}]]\n\'is_engcode_editable\' = False\n\'type\' = \'product\'\n\n\n------------------------------\n\nnull value in column ""name"" violates not-null constraint\nDETAIL:  Failing row contains (4080, null, NP3TT-P-R - Red, null, 1, 0.00, 0.00, 1, 4, null, null, null, 3321, 1, 2, 2022-11-06 16:59:37.380794, 2, 2022-11-06 16:59:37.380794, null).\n\n'>"
25189,NLT8MX Neutrik 8C Male Cable Mount Conn.,"<Fault 1: 'Traceback (most recent call last):\n  File ""/home/odoo/adamson15-server/custom-addons/plm/models/product_product.py"", line 1038, in create\n    res = super(PlmComponent, self).create(vals)\n  File ""<decorator-gen-156>"", line 2, in create\n  File ""/home/odoo/adamson15-server/odoo15/odoo/api.py"", line 412, in _model_create_multi\n    return create(self, [arg])\n  File ""/home/odoo/linto15-test/odoo-15.0/addons/product/models/product.py"", line 362, in create\n    products = super(ProductProduct, self.with_context(create_product_product=True)).create(vals_list)\n  File ""<decorator-gen-131>"", line 2, in create\n  File ""/home/odoo/adamson15-server/odoo15/odoo/api.py"", line 413, in _model_create_multi\n    return create(self, arg)\n  File ""/home/odoo/linto15-test/odoo-15.0/addons/mail/models/mail_thread.py"", line 265, in create\n    threads = super(MailThread, self).create(vals_list)\n  File ""<decorator-gen-67>"", line 2, in create\n  File ""/home/odoo/adamson15-server/odoo15/odoo/api.py"", line 413, in _model_create_multi\n    return create(self, arg)\n  File ""/home/odoo/adamson15-server/odoo15/odoo/addons/base/models/ir_fields.py"", line 613, in create\n    recs = super().create(vals_list)\n  File ""<decorator-gen-13>"", line 2, in create\n  File ""/home/odoo/adamson15-server/odoo15/odoo/api.py"", line 413, in _model_create_multi\n    return create(self, arg)\n  File ""/home/odoo/adamson15-server/odoo15/odoo/models.py"", line 4062, in create\n    parents = self.env[model_name].create([\n  File ""<decorator-gen-220>"", line 2, in create\n  File ""/home/odoo/adamson15-server/odoo15/odoo/api.py"", line 394, in _model_create_single\n    return self.browse().concat(*(create(self, vals) for vals in arg))\n  File ""/home/odoo/adamson15-server/odoo15/odoo/api.py"", line 394, in <genexpr>\n    return self.browse().concat(*(create(self, vals) for vals in arg))\n  File ""/home/odoo/adamson15-server/custom-addons/plm/models/product_template.py"", line 188, in create\n    return super(ProductTemplateExtension, self).create(vals)\n  File ""<decorator-gen-153>"", line 2, in create\n  File ""/home/odoo/adamson15-server/odoo15/odoo/api.py"", line 412, in _model_create_multi\n    return create(self, [arg])\n  File ""/home/odoo/linto15-test/odoo-15.0/addons/product/models/product_template.py"", line 465, in create\n    templates = super(ProductTemplate, self).create(vals_list)\n  File ""<decorator-gen-131>"", line 2, in create\n  File ""/home/odoo/adamson15-server/odoo15/odoo/api.py"", line 413, in _model_create_multi\n    return create(self, arg)\n  File ""/home/odoo/linto15-test/odoo-15.0/addons/mail/models/mail_thread.py"", line 265, in create\n    threads = super(MailThread, self).create(vals_list)\n  File ""<decorator-gen-67>"", line 2, in create\n  File ""/home/odoo/adamson15-server/odoo15/odoo/api.py"", line 413, in _model_create_multi\n    return create(self, arg)\n  File ""/home/odoo/adamson15-server/odoo15/odoo/addons/base/models/ir_fields.py"", line 613, in create\n    recs = super().create(vals_list)\n  File ""<decorator-gen-13>"", line 2, in create\n  File ""/home/odoo/adamson15-server/odoo15/odoo/api.py"", line 413, in _model_create_multi\n    return create(self, arg)\n  File ""/home/odoo/adamson15-server/odoo15/odoo/models.py"", line 4070, in create\n    records = self._create(data_list)\n  File ""/home/odoo/adamson15-server/odoo15/odoo/models.py"", line 4220, in _create\n    field.create([\n  File ""/home/odoo/adamson15-server/odoo15/odoo/fields.py"", line 3283, in create\n    self.write_batch(record_values, True)\n  File ""/home/odoo/adamson15-server/odoo15/odoo/fields.py"", line 3309, in write_batch\n    return self.write_real(records_commands_list, create)\n  File ""/home/odoo/adamson15-server/odoo15/odoo/fields.py"", line 3485, in write_real\n    flush()\n  File ""/home/odoo/adamson15-server/odoo15/odoo/fields.py"", line 3447, in flush\n    comodel.create(to_create)\n  File ""<decorator-gen-67>"", line 2, in create\n  File ""/home/odoo/adamson15-server/odoo15/odoo/api.py"", line 413, in _model_create_multi\n    return create(self, arg)\n  File ""/home/odoo/adamson15-server/odoo15/odoo/addons/base/models/ir_fields.py"", line 613, in create\n    recs = super().create(vals_list)\n  File ""<decorator-gen-13>"", line 2, in create\n  File ""/home/odoo/adamson15-server/odoo15/odoo/api.py"", line 413, in _model_create_multi\n    return create(self, arg)\n  File ""/home/odoo/adamson15-server/odoo15/odoo/models.py"", line 4070, in create\n    records = self._create(data_list)\n  File ""/home/odoo/adamson15-server/odoo15/odoo/models.py"", line 4168, in _create\n    cr.execute(query, params)\n  File ""<decorator-gen-3>"", line 2, in execute\n  File ""/home/odoo/adamson15-server/odoo15/odoo/sql_db.py"", line 90, in check\n    return f(self, *args, **kwargs)\n  File ""/home/odoo/adamson15-server/odoo15/odoo/sql_db.py"", line 313, in execute\n    res = self._obj.execute(query, params)\npsycopg2.errors.NotNullViolation: null value in column ""name"" violates not-null constraint\nDETAIL:  Failing row contains (4087, null, NLT8MX Neutrik 8C Male Cable Mount Conn., null, 1, 0.00, 0.00, 1, 4, null, null, null, 3327, 1, 2, 2022-11-06 16:59:57.51214, 2, 2022-11-06 16:59:57.51214, null).\n\n\nDuring handling of the above exception, another exception occurred:\n\nTraceback (most recent call last):\n  File ""/home/odoo/adamson15-server/odoo15/odoo/addons/base/controllers/rpc.py"", line 93, in xmlrpc_2\n    response = self._xmlrpc(service)\n  File ""/home/odoo/adamson15-server/odoo15/odoo/addons/base/controllers/rpc.py"", line 73, in _xmlrpc\n    result = dispatch_rpc(service, method, params)\n  File ""/home/odoo/adamson15-server/odoo15/odoo/http.py"", line 141, in dispatch_rpc\n    result = dispatch(method, params)\n  File ""/home/odoo/adamson15-server/odoo15/odoo/service/model.py"", line 41, in dispatch\n    res = fn(db, uid, *params)\n  File ""/home/odoo/adamson15-server/odoo15/odoo/service/model.py"", line 169, in execute_kw\n    return execute(db, uid, obj, method, *args, **kw or {})\n  File ""/home/odoo/adamson15-server/odoo15/odoo/service/model.py"", line 94, in wrapper\n    return f(dbname, *args, **kwargs)\n  File ""/home/odoo/adamson15-server/odoo15/odoo/service/model.py"", line 176, in execute\n    res = execute_cr(cr, uid, obj, method, *args, **kw)\n  File ""/home/odoo/adamson15-server/odoo15/odoo/service/model.py"", line 160, in execute_cr\n    result = odoo.api.call_kw(recs, method, args, kw)\n  File ""/home/odoo/adamson15-server/odoo15/odoo/api.py"", line 462, in call_kw\n    result = _call_kw_model_create(method, model, args, kwargs)\n  File ""/home/odoo/adamson15-server/odoo15/odoo/api.py"", line 442, in _call_kw_model_create\n    result = method(recs, *args, **kwargs)\n  File ""<decorator-gen-221>"", line 2, in create\n  File ""/home/odoo/adamson15-server/odoo15/odoo/api.py"", line 391, in _model_create_single\n    return create(self, arg)\n  File ""/home/odoo/adamson15-server/custom-addons/plm/models/product_product.py"", line 1053, in create\n    raise Exception(msg)\nException: Error during component creation with values:\n\'categ_id\' = 260\n\'image_1920\' = False\n\'default_code\' = \'243-0019\'\n\'name\' = \'NLT8MX Neutrik 8C Male Cable Mount Conn.\'\n\'purchase_ok\' = True\n\'detailed_type\' = \'product\'\n\'description_purchase\' = False\n\'seller_ids\' = [[0, 0, {\'name\': 21363, \'product_name\': \'NLT8MX Neutrik 8C Male Cable Mount Conn.\', \'min_qty\': 1.0}], [0, 0, {\'name\': False, \'product_name\': \'NLT8MX Neutrik 8C Male Cable Mount Conn.\', \'min_qty\': 0.0}], [0, 0, {\'name\': 21590, \'product_name\': \'NLT8MX Neutrik 8C Male Cable Mount Conn.\', \'min_qty\': 0.0}], [0, 0, {\'name\': 20561, \'product_name\': \'NLT8MX Neutrik 8C Male Cable Mount Conn.\', \'min_qty\': 0.0}]]\n\'is_engcode_editable\' = False\n\'type\' = \'product\'\n\n\n------------------------------\n\nnull value in column ""name"" violates not-null constraint\nDETAIL:  Failing row contains (4087, null, NLT8MX Neutrik 8C Male Cable Mount Conn., null, 1, 0.00, 0.00, 1, 4, null, null, null, 3327, 1, 2, 2022-11-06 16:59:57.51214, 2, 2022-11-06 16:59:57.51214, null).\n\n'>"
